2020-04-30 11:12:48 INFO  Scenarios:26 - First Name *
2020-04-30 11:12:49 INFO  Scenarios:26 - Last Name *
2020-04-30 11:12:49 INFO  Scenarios:26 - Email *
2020-04-30 11:12:49 INFO  Scenarios:26 - Current Company *
2020-04-30 11:12:49 INFO  Scenarios:26 - Mobile No. *
2020-04-30 11:12:49 INFO  Scenarios:26 - Date of Birth *
2020-04-30 11:12:49 INFO  Scenarios:26 - Position you are applying for *
2020-04-30 11:12:49 INFO  Scenarios:26 - Portfolio Website *
2020-04-30 11:12:49 INFO  Scenarios:26 - Salary requirements *
2020-04-30 11:12:49 INFO  Scenarios:26 - Upload Your Resume *
2020-04-30 11:12:49 INFO  Scenarios:26 - Are you willing to relocate? *
2020-04-30 11:12:49 INFO  Scenarios:43 - 1
2020-04-30 11:12:49 INFO  Scenarios:45 - 2
2020-04-30 11:12:49 INFO  Scenarios:47 - 3
2020-04-30 11:12:49 INFO  Scenarios:49 - 4
2020-04-30 11:12:49 INFO  Scenarios:51 - 5
2020-04-30 11:12:49 INFO  Scenarios:53 - 6
2020-04-30 11:12:49 INFO  Scenarios:55 - 7
2020-04-30 11:12:49 INFO  Scenarios:57 - 8
2020-04-30 11:12:49 INFO  Scenarios:59 - 9
2020-04-30 11:12:49 INFO  Scenarios:61 - 10
2020-04-30 11:13:44 INFO  Scenarios:26 - First Name *
2020-04-30 11:13:44 INFO  Scenarios:26 - Last Name *
2020-04-30 11:13:44 INFO  Scenarios:26 - Email *
2020-04-30 11:13:44 INFO  Scenarios:26 - Current Company *
2020-04-30 11:13:44 INFO  Scenarios:26 - Mobile No. *
2020-04-30 11:13:44 INFO  Scenarios:26 - Date of Birth *
2020-04-30 11:13:44 INFO  Scenarios:26 - Position you are applying for *
2020-04-30 11:13:44 INFO  Scenarios:26 - Portfolio Website *
2020-04-30 11:13:44 INFO  Scenarios:26 - Salary requirements *
2020-04-30 11:13:44 INFO  Scenarios:26 - Upload Your Resume *
2020-04-30 11:13:44 INFO  Scenarios:26 - Are you willing to relocate? *
2020-04-30 11:13:44 INFO  Scenarios:43 - 1
2020-04-30 11:13:45 INFO  Scenarios:45 - 2
2020-04-30 11:13:45 INFO  Scenarios:47 - 3
2020-04-30 11:13:45 INFO  Scenarios:49 - 4
2020-04-30 11:13:45 INFO  Scenarios:51 - 5
2020-04-30 11:13:45 INFO  Scenarios:53 - 6
2020-04-30 11:13:45 INFO  Scenarios:55 - 7
2020-04-30 11:13:45 INFO  Scenarios:57 - 8
2020-04-30 11:13:45 INFO  Scenarios:59 - 9
2020-04-30 11:13:45 INFO  Scenarios:61 - 10
2020-04-30 11:13:45 INFO  Scenarios:63 - 11
2020-04-30 11:13:45 INFO  Scenarios:65 - 12
2020-04-30 11:13:45 INFO  Scenarios:67 - 13
