2020-04-30 14:55:05 INFO  TestCases:52 - First Name *
2020-04-30 14:55:05 INFO  TestCases:52 - Last Name *
2020-04-30 14:55:05 INFO  TestCases:52 - Email *
2020-04-30 14:55:05 INFO  TestCases:52 - Current Company *
2020-04-30 14:55:05 INFO  TestCases:52 - Mobile No. *
2020-04-30 14:55:05 INFO  TestCases:52 - Date of Birth *
2020-04-30 14:55:05 INFO  TestCases:52 - Position you are applying for *
2020-04-30 14:55:05 INFO  TestCases:52 - Portfolio Website *
2020-04-30 14:55:05 INFO  TestCases:52 - Salary requirements *
2020-04-30 14:55:05 INFO  TestCases:52 - Upload Your Resume *
2020-04-30 14:55:06 INFO  TestCases:52 - Are you willing to relocate? *
2020-04-30 14:55:27 INFO  TestCases:66 - 1
2020-04-30 14:55:27 INFO  TestCases:68 - 2
2020-04-30 14:55:27 INFO  TestCases:70 - 3
2020-04-30 14:55:27 INFO  TestCases:72 - 4
2020-04-30 14:55:27 INFO  TestCases:74 - 5
2020-04-30 14:55:27 INFO  TestCases:76 - 6
2020-04-30 14:55:27 INFO  TestCases:78 - 7
2020-04-30 14:55:27 INFO  TestCases:80 - 8
2020-04-30 14:55:27 INFO  TestCases:82 - 9
2020-04-30 14:55:28 INFO  TestCases:84 - 10
2020-04-30 14:55:28 INFO  TestCases:86 - 11
2020-04-30 14:55:28 INFO  TestCases:88 - 12
2020-04-30 14:55:28 INFO  TestCases:90 - 13
